[0.027s] Invoking command in '/home/manel/psolar_ws/build/psolar_localization': CMAKE_PREFIX_PATH=/opt/ros/humble /usr/bin/cmake /home/manel/psolar_ws/src/psolar_localization -DCMAKE_INSTALL_PREFIX=/home/manel/psolar_ws/install/psolar_localization
[0.120s] -- The C compiler identification is GNU 11.4.0
[0.216s] -- The CXX compiler identification is GNU 11.4.0
[0.231s] -- Detecting C compiler ABI info
[0.351s] -- Detecting C compiler ABI info - done
[0.360s] -- Check for working C compiler: /usr/bin/cc - skipped
[0.360s] -- Detecting C compile features
[0.361s] -- Detecting C compile features - done
[0.364s] -- Detecting CXX compiler ABI info
[0.455s] -- Detecting CXX compiler ABI info - done
[0.470s] -- Check for working CXX compiler: /usr/bin/c++ - skipped
[0.470s] -- Detecting CXX compile features
[0.471s] -- Detecting CXX compile features - done
[0.475s] -- Found ament_cmake: 1.3.11 (/opt/ros/humble/share/ament_cmake/cmake)
[0.685s] -- Found Python3: /usr/bin/python3 (found version "3.10.12") found components: Interpreter 
[0.830s] -- Found rclcpp: 16.0.11 (/opt/ros/humble/share/rclcpp/cmake)
[0.920s] -- Found rosidl_generator_c: 3.1.6 (/opt/ros/humble/share/rosidl_generator_c/cmake)
[0.933s] -- Found rosidl_adapter: 3.1.6 (/opt/ros/humble/share/rosidl_adapter/cmake)
[0.940s] -- Found rosidl_generator_cpp: 3.1.6 (/opt/ros/humble/share/rosidl_generator_cpp/cmake)
[0.963s] -- Using all available rosidl_typesupport_c: rosidl_typesupport_fastrtps_c;rosidl_typesupport_introspection_c
[1.000s] -- Using all available rosidl_typesupport_cpp: rosidl_typesupport_fastrtps_cpp;rosidl_typesupport_introspection_cpp
[1.079s] -- Found rmw_implementation_cmake: 6.1.2 (/opt/ros/humble/share/rmw_implementation_cmake/cmake)
[1.083s] -- Found rmw_fastrtps_cpp: 6.2.7 (/opt/ros/humble/share/rmw_fastrtps_cpp/cmake)
[1.225s] -- Found OpenSSL: /usr/lib/x86_64-linux-gnu/libcrypto.so (found version "3.0.2")  
[1.268s] -- Found FastRTPS: /opt/ros/humble/include  
[1.337s] -- Using RMW implementation 'rmw_fastrtps_cpp' as default
[1.351s] -- Looking for pthread.h
[1.434s] -- Looking for pthread.h - found
[1.434s] -- Performing Test CMAKE_HAVE_LIBC_PTHREAD
[1.535s] -- Performing Test CMAKE_HAVE_LIBC_PTHREAD - Success
[1.536s] -- Found Threads: TRUE  
[1.609s] -- Found nav_msgs: 4.2.4 (/opt/ros/humble/share/nav_msgs/cmake)
[1.652s] -- Found tf2: 0.25.12 (/opt/ros/humble/share/tf2/cmake)
[1.665s] -- Found tf2_ros: 0.25.12 (/opt/ros/humble/share/tf2_ros/cmake)
[1.791s] -- Found tf2_geometry_msgs: 0.25.12 (/opt/ros/humble/share/tf2_geometry_msgs/cmake)
[1.805s] -- Found eigen3_cmake_module: 0.1.1 (/opt/ros/humble/share/eigen3_cmake_module/cmake)
[1.807s] -- Found Eigen3: TRUE (found version "3.4.0") 
[1.807s] -- Ensuring Eigen3 include directory is part of orocos-kdl CMake target
[1.815s] -- Found ament_lint_auto: 0.12.11 (/opt/ros/humble/share/ament_lint_auto/cmake)
[1.912s] -- Added test 'cppcheck' to perform static code analysis on C / C++ code
[1.912s] -- Configured cppcheck include dirs: /home/manel/psolar_ws/src/psolar_localization/include
[1.912s] -- Configured cppcheck exclude dirs and/or files: 
[1.913s] -- Added test 'flake8' to check Python code syntax and style conventions
[1.914s] -- Added test 'lint_cmake' to check CMake code style
[1.914s] -- Added test 'pep257' to check Python code against some of the docstring style conventions in PEP 257
[1.915s] -- Added test 'uncrustify' to check C / C++ code style
[1.916s] -- Configured uncrustify additional arguments: 
[1.916s] -- Added test 'xmllint' to check XML markup files
[1.917s] -- Configuring done
[1.940s] -- Generating done
[1.950s] -- Build files have been written to: /home/manel/psolar_ws/build/psolar_localization
[1.961s] Invoked command in '/home/manel/psolar_ws/build/psolar_localization' returned '0': CMAKE_PREFIX_PATH=/opt/ros/humble /usr/bin/cmake /home/manel/psolar_ws/src/psolar_localization -DCMAKE_INSTALL_PREFIX=/home/manel/psolar_ws/install/psolar_localization
[1.963s] Invoking command in '/home/manel/psolar_ws/build/psolar_localization': CMAKE_PREFIX_PATH=/opt/ros/humble /usr/bin/cmake --build /home/manel/psolar_ws/build/psolar_localization -- -j12 -l12
[2.017s] [ 16%] [32mBuilding CXX object CMakeFiles/odom_tilted_publisher.dir/src/odom_tilted_publisher.cpp.o[0m
[2.018s] [ 33%] [32mBuilding CXX object CMakeFiles/gps_tilted_publisher.dir/src/gps_tilted_publisher.cpp.o[0m
[2.023s] [ 50%] [32mBuilding CXX object CMakeFiles/tilted_frames_publisher.dir/src/tilted_frames_publisher.cpp.o[0m
[2.326s] [01m[K/home/manel/psolar_ws/src/psolar_localization/src/gps_tilted_publisher.cpp:7:10:[m[K [01;31m[Kfatal error: [m[Ktf2_geometry_msgs/tf2_geometry_msgs.hpp: No such file or directory
[2.326s]     7 | #include [01;31m[K"tf2_geometry_msgs/tf2_geometry_msgs.hpp"[m[K
[2.326s]       |          [01;31m[K^~~~~~~~~~~~~~~~~~~~~~~~~~~~~~~~~~~~~~~~~[m[K
[2.326s] compilation terminated.
[2.338s] gmake[2]: *** [CMakeFiles/gps_tilted_publisher.dir/build.make:76: CMakeFiles/gps_tilted_publisher.dir/src/gps_tilted_publisher.cpp.o] Error 1
[2.338s] gmake[1]: *** [CMakeFiles/Makefile2:141: CMakeFiles/gps_tilted_publisher.dir/all] Error 2
[2.338s] gmake[1]: *** Waiting for unfinished jobs....
[5.022s] [01m[K/home/manel/psolar_ws/src/psolar_localization/src/odom_tilted_publisher.cpp:22:122:[m[K [01;31m[Kerror: [m[Kredeclaration of â€˜[01m[Krclcpp::Publisher<nav_msgs::msg::Odometry_<std::allocator<void> > >::SharedPtr OdomTiltedNode::publisher_[m[Kâ€™
[5.022s]    22 |   rclcpp::Publisher<nav_msgs::msg::Odometry>::SharedPtr publisher_;rclcpp::Publisher<nav_msgs::msg::Odometry>::SharedPtr [01;31m[Kpublisher_[m[K;
[5.023s]       |                                                                                                                          [01;31m[K^~~~~~~~~~[m[K
[5.023s] [01m[K/home/manel/psolar_ws/src/psolar_localization/src/odom_tilted_publisher.cpp:22:57:[m[K [01;36m[Knote: [m[Kprevious declaration â€˜[01m[Krclcpp::Publisher<nav_msgs::msg::Odometry_<std::allocator<void> > >::SharedPtr OdomTiltedNode::publisher_[m[Kâ€™
[5.023s]    22 |   rclcpp::Publisher<nav_msgs::msg::Odometry>::SharedPtr [01;36m[Kpublisher_[m[K;rclcpp::Publisher<nav_msgs::msg::Odometry>::SharedPtr publisher_;
[5.023s]       |                                                         [01;36m[K^~~~~~~~~~[m[K
[7.228s] [ 66%] [32m[1mLinking CXX executable tilted_frames_publisher[0m
[7.468s] [ 66%] Built target tilted_frames_publisher
[8.197s] gmake[2]: *** [CMakeFiles/odom_tilted_publisher.dir/build.make:76: CMakeFiles/odom_tilted_publisher.dir/src/odom_tilted_publisher.cpp.o] Error 1
[8.197s] gmake[1]: *** [CMakeFiles/Makefile2:167: CMakeFiles/odom_tilted_publisher.dir/all] Error 2
[8.198s] gmake: *** [Makefile:146: all] Error 2
[8.200s] Invoked command in '/home/manel/psolar_ws/build/psolar_localization' returned '2': CMAKE_PREFIX_PATH=/opt/ros/humble /usr/bin/cmake --build /home/manel/psolar_ws/build/psolar_localization -- -j12 -l12
